2022-02-24 17:34:40,816 [XNIO-1 task-1] INFO  i.m.controller.handler.WebLogAspect ? - Method[doAfter][GET: https://localhost:8443/isLogin TIME: 3ms ]
2022-02-24 17:34:40,817 [XNIO-1 task-2] INFO  i.m.controller.handler.WebLogAspect ? - Method[doAfter][GET: https://localhost:8443/system/timeout TIME: 3ms ]
2022-02-24 17:34:41,291 [XNIO-1 task-3] INFO  i.m.controller.handler.WebLogAspect ? - Method[doAfter][GET: https://localhost:8443/isLogin TIME: 0ms ]
2022-02-24 17:34:41,301 [XNIO-1 task-1] INFO  i.m.controller.handler.WebLogAspect ? - Method[doAfter][GET: https://localhost:8443/system/theme TIME: 11ms ]
2022-02-24 17:34:41,306 [XNIO-1 task-4] INFO  i.m.controller.handler.WebLogAspect ? - Method[doAfter][GET: https://localhost:8443/ldap/open TIME: 16ms ]
2022-02-24 17:34:41,324 [XNIO-1 task-2] INFO  i.m.controller.handler.WebLogAspect ? - Method[doAfter][GET: https://localhost:8443/system/save/baseurl TIME: 3ms ]
2022-02-24 17:35:22,504 [XNIO-1 task-1] INFO  i.m.controller.handler.WebLogAspect ? - Method[doAfter][POST: https://localhost:8443/signin TIME: 59ms ]
2022-02-24 17:35:22,726 [XNIO-1 task-1] INFO  i.m.controller.handler.WebLogAspect ? - Method[doAfter][GET: https://localhost:8443/language TIME: 3ms ]
2022-02-24 17:35:23,758 [XNIO-1 task-2] INFO  i.m.controller.handler.WebLogAspect ? - Method[doAfter][GET: https://localhost:8443/system/timeout TIME: 0ms ]
2022-02-24 17:35:23,774 [XNIO-1 task-1] INFO  i.m.controller.handler.WebLogAspect ? - Method[doAfter][GET: https://localhost:8443/isLogin TIME: 17ms ]
2022-02-24 17:35:23,918 [XNIO-1 task-1] INFO  i.m.controller.handler.WebLogAspect ? - Method[doAfter][GET: https://localhost:8443/system/version TIME: 1ms ]
2022-02-24 17:35:23,951 [XNIO-1 task-4] INFO  i.m.controller.handler.WebLogAspect ? - Method[doAfter][GET: https://localhost:8443/project/listAll TIME: 34ms ]
2022-02-24 17:35:23,963 [XNIO-1 task-2] INFO  i.m.controller.handler.WebLogAspect ? - Method[doAfter][GET: https://localhost:8443/workspace/list/userworkspace/admin TIME: 44ms ]
2022-02-24 17:35:24,242 [XNIO-1 task-3] INFO  i.m.controller.handler.WebLogAspect ? - Method[doAfter][GET: https://localhost:8443/user/list TIME: 19ms ]
2022-02-24 17:35:24,257 [XNIO-1 task-2] INFO  i.m.controller.handler.WebLogAspect ? - Method[doAfter][GET: https://localhost:8443/project/get/c6774af0-9456-11ec-90ef-5405dbdb2d64 TIME: 4ms ]
2022-02-24 17:35:24,259 [XNIO-1 task-4] INFO  i.m.controller.handler.WebLogAspect ? - Method[doAfter][POST: https://localhost:8443/project/list/related TIME: 33ms ]
2022-02-24 17:35:24,293 [XNIO-1 task-1] INFO  i.m.controller.handler.WebLogAspect ? - Method[doAfter][GET: https://localhost:8443/project/member/size/c6774af0-9456-11ec-90ef-5405dbdb2d64 TIME: 4ms ]
2022-02-24 17:35:29,269 [XNIO-1 task-2] INFO  i.m.controller.handler.WebLogAspect ? - Method[doAfter][POST: https://localhost:8443/project/list/related TIME: 8ms ]
2022-02-24 17:35:29,294 [XNIO-1 task-1] INFO  i.m.controller.handler.WebLogAspect ? - Method[doAfter][POST: https://localhost:8443/api/runningTask/c6774af0-9456-11ec-90ef-5405dbdb2d64 TIME: 16ms ]
2022-02-24 17:35:29,296 [XNIO-1 task-6] INFO  i.m.controller.handler.WebLogAspect ? - Method[doAfter][POST: https://localhost:8443/api/runningTask/c6774af0-9456-11ec-90ef-5405dbdb2d64 TIME: 17ms ]
2022-02-24 17:35:29,310 [XNIO-1 task-3] INFO  i.m.controller.handler.WebLogAspect ? - Method[doAfter][GET: https://localhost:8443/api/apiCount/c6774af0-9456-11ec-90ef-5405dbdb2d64 TIME: 46ms ]
2022-02-24 17:35:29,321 [XNIO-1 task-5] INFO  i.m.controller.handler.WebLogAspect ? - Method[doAfter][GET: https://localhost:8443/api/faliureCaseAboutTestPlan/c6774af0-9456-11ec-90ef-5405dbdb2d64/10 TIME: 51ms ]
2022-02-24 17:35:29,324 [XNIO-1 task-4] INFO  i.m.controller.handler.WebLogAspect ? - Method[doAfter][GET: https://localhost:8443/api/testSceneInfoCount/c6774af0-9456-11ec-90ef-5405dbdb2d64 TIME: 63ms ]
2022-02-24 17:35:29,620 [XNIO-1 task-4] INFO  i.m.controller.handler.WebLogAspect ? - Method[doAfter][GET: https://localhost:8443/api/countInterfaceCoverage/c6774af0-9456-11ec-90ef-5405dbdb2d64 TIME: 16ms ]
2022-02-24 17:35:29,656 [XNIO-1 task-5] INFO  i.m.controller.handler.WebLogAspect ? - Method[doAfter][GET: https://localhost:8443/api/countApiCoverage/c6774af0-9456-11ec-90ef-5405dbdb2d64 TIME: 17ms ]
2022-02-24 17:35:29,675 [XNIO-1 task-5] INFO  i.m.controller.handler.WebLogAspect ? - Method[doAfter][GET: https://localhost:8443/api/faliureCaseAboutTestPlan/c6774af0-9456-11ec-90ef-5405dbdb2d64/10 TIME: 6ms ]
2022-02-24 17:35:29,675 [XNIO-1 task-4] INFO  i.m.controller.handler.WebLogAspect ? - Method[doAfter][GET: https://localhost:8443/api/testCaseInfoCount/c6774af0-9456-11ec-90ef-5405dbdb2d64 TIME: 33ms ]
2022-02-24 17:35:29,690 [XNIO-1 task-3] INFO  i.m.controller.handler.WebLogAspect ? - Method[doAfter][GET: https://localhost:8443/api/scheduleTaskInfoCount/c6774af0-9456-11ec-90ef-5405dbdb2d64 TIME: 32ms ]
2022-02-24 17:35:30,548 [XNIO-1 task-1] INFO  i.m.controller.handler.WebLogAspect ? - Method[doAfter][POST: https://localhost:8443/api/runningTask/c6774af0-9456-11ec-90ef-5405dbdb2d64 TIME: 8ms ]
2022-02-24 17:35:30,551 [XNIO-1 task-3] INFO  i.m.controller.handler.WebLogAspect ? - Method[doAfter][POST: https://localhost:8443/api/runningTask/c6774af0-9456-11ec-90ef-5405dbdb2d64 TIME: 14ms ]
2022-02-24 17:35:30,551 [XNIO-1 task-2] INFO  i.m.controller.handler.WebLogAspect ? - Method[doAfter][GET: https://localhost:8443/api/faliureCaseAboutTestPlan/c6774af0-9456-11ec-90ef-5405dbdb2d64/10 TIME: 14ms ]
2022-02-24 17:35:30,556 [XNIO-1 task-4] INFO  i.m.controller.handler.WebLogAspect ? - Method[doAfter][POST: https://localhost:8443/project/list/related TIME: 20ms ]
2022-02-24 17:35:30,585 [XNIO-1 task-6] INFO  i.m.controller.handler.WebLogAspect ? - Method[doAfter][GET: https://localhost:8443/track/bug/count/c6774af0-9456-11ec-90ef-5405dbdb2d64 TIME: 48ms ]
2022-02-24 17:35:30,597 [XNIO-1 task-5] INFO  i.m.controller.handler.WebLogAspect ? - Method[doAfter][POST: https://localhost:8443/test/case/review/list/all/relate TIME: 44ms ]
2022-02-24 17:35:30,914 [XNIO-1 task-5] INFO  i.m.controller.handler.WebLogAspect ? - Method[doAfter][GET: https://localhost:8443/track/count/c6774af0-9456-11ec-90ef-5405dbdb2d64 TIME: 22ms ]
2022-02-24 17:35:30,916 [XNIO-1 task-6] INFO  i.m.controller.handler.WebLogAspect ? - Method[doAfter][GET: https://localhost:8443/track/case/bar/c6774af0-9456-11ec-90ef-5405dbdb2d64 TIME: 23ms ]
2022-02-24 17:35:30,922 [XNIO-1 task-4] INFO  i.m.controller.handler.WebLogAspect ? - Method[doAfter][GET: https://localhost:8443/api/faliureCaseAboutTestPlan/c6774af0-9456-11ec-90ef-5405dbdb2d64/10 TIME: 28ms ]
2022-02-24 17:35:30,938 [XNIO-1 task-4] INFO  i.m.controller.handler.WebLogAspect ? - Method[doAfter][GET: https://localhost:8443/track/bug/count/c6774af0-9456-11ec-90ef-5405dbdb2d64 TIME: 9ms ]
2022-02-24 17:35:30,941 [XNIO-1 task-3] INFO  i.m.controller.handler.WebLogAspect ? - Method[doAfter][GET: https://localhost:8443/track/relevance/count/c6774af0-9456-11ec-90ef-5405dbdb2d64 TIME: 48ms ]
2022-02-24 17:35:38,673 [XNIO-1 task-1] INFO  i.m.controller.handler.WebLogAspect ? - Method[doAfter][POST: https://localhost:8443/user/project/member/tester/list TIME: 12ms ]
2022-02-24 17:35:38,681 [XNIO-1 task-2] INFO  i.m.controller.handler.WebLogAspect ? - Method[doAfter][GET: https://localhost:8443/project/get/c6774af0-9456-11ec-90ef-5405dbdb2d64 TIME: 5ms ]
2022-02-24 17:35:38,702 [XNIO-1 task-5] INFO  i.m.controller.handler.WebLogAspect ? - Method[doAfter][GET: https://localhost:8443/case/node/publicCount/c6768b9d-9456-11ec-90ef-5405dbdb2d64 TIME: 27ms ]
2022-02-24 17:35:38,720 [XNIO-1 task-6] INFO  i.m.controller.handler.WebLogAspect ? - Method[doAfter][GET: https://localhost:8443/case/node/trashCount/c6774af0-9456-11ec-90ef-5405dbdb2d64 TIME: 43ms ]
2022-02-24 17:35:38,750 [XNIO-1 task-3] INFO  i.m.controller.handler.WebLogAspect ? - Method[doAfter][GET: https://localhost:8443/field/template/case/get/relate/c6774af0-9456-11ec-90ef-5405dbdb2d64 TIME: 94ms ]
2022-02-24 17:35:38,796 [XNIO-1 task-4] INFO  i.m.controller.handler.WebLogAspect ? - Method[doAfter][POST: https://localhost:8443/test/case/list/1/10 TIME: 125ms ]
2022-02-24 17:35:39,016 [XNIO-1 task-3] INFO  i.m.controller.handler.WebLogAspect ? - Method[doAfter][POST: https://localhost:8443/user/project/member/tester/list TIME: 5ms ]
2022-02-24 17:35:39,046 [XNIO-1 task-4] INFO  i.m.controller.handler.WebLogAspect ? - Method[doAfter][GET: https://localhost:8443/case/node/list/c6774af0-9456-11ec-90ef-5405dbdb2d64 TIME: 36ms ]
2022-02-24 17:35:39,066 [XNIO-1 task-6] INFO  i.m.controller.handler.WebLogAspect ? - Method[doAfter][GET: https://localhost:8443/project/get/c6774af0-9456-11ec-90ef-5405dbdb2d64 TIME: 4ms ]
2022-02-24 17:35:39,070 [XNIO-1 task-3] INFO  i.m.controller.handler.WebLogAspect ? - Method[doAfter][POST: https://localhost:8443/test/case/list/1/10 TIME: 26ms ]
2022-02-24 17:35:39,095 [XNIO-1 task-3] INFO  i.m.controller.handler.WebLogAspect ? - Method[doAfter][GET: https://localhost:8443/case/node/publicCount/c6768b9d-9456-11ec-90ef-5405dbdb2d64 TIME: 4ms ]
2022-02-24 17:35:39,157 [XNIO-1 task-3] INFO  i.m.controller.handler.WebLogAspect ? - Method[doAfter][GET: https://localhost:8443/case/node/trashCount/c6774af0-9456-11ec-90ef-5405dbdb2d64 TIME: 22ms ]
2022-02-24 17:35:39,367 [XNIO-1 task-3] INFO  i.m.controller.handler.WebLogAspect ? - Method[doAfter][GET: https://localhost:8443/field/template/case/get/relate/c6774af0-9456-11ec-90ef-5405dbdb2d64 TIME: 12ms ]
2022-02-24 19:26:55,777 [XNIO-1 task-5] INFO  i.m.controller.handler.WebLogAspect ? - Method[doAfter][POST: https://localhost:8443/project/list/related TIME: 16ms ]
2022-02-24 19:26:55,777 [XNIO-1 task-2] INFO  i.m.controller.handler.WebLogAspect ? - Method[doAfter][POST: https://localhost:8443/api/runningTask/c6774af0-9456-11ec-90ef-5405dbdb2d64 TIME: 16ms ]
2022-02-24 19:26:55,777 [XNIO-1 task-3] INFO  i.m.controller.handler.WebLogAspect ? - Method[doAfter][POST: https://localhost:8443/api/runningTask/c6774af0-9456-11ec-90ef-5405dbdb2d64 TIME: 16ms ]
2022-02-24 19:26:55,780 [XNIO-1 task-1] INFO  i.m.controller.handler.WebLogAspect ? - Method[doAfter][GET: https://localhost:8443/api/apiCount/c6774af0-9456-11ec-90ef-5405dbdb2d64 TIME: 24ms ]
2022-02-24 19:26:55,783 [XNIO-1 task-6] INFO  i.m.controller.handler.WebLogAspect ? - Method[doAfter][GET: https://localhost:8443/api/faliureCaseAboutTestPlan/c6774af0-9456-11ec-90ef-5405dbdb2d64/10 TIME: 26ms ]
2022-02-24 19:26:55,789 [XNIO-1 task-4] INFO  i.m.controller.handler.WebLogAspect ? - Method[doAfter][GET: https://localhost:8443/api/testSceneInfoCount/c6774af0-9456-11ec-90ef-5405dbdb2d64 TIME: 32ms ]
2022-02-24 19:26:56,159 [XNIO-1 task-3] INFO  i.m.controller.handler.WebLogAspect ? - Method[doAfter][GET: https://localhost:8443/api/countInterfaceCoverage/c6774af0-9456-11ec-90ef-5405dbdb2d64 TIME: 17ms ]
2022-02-24 19:26:56,167 [XNIO-1 task-5] INFO  i.m.controller.handler.WebLogAspect ? - Method[doAfter][GET: https://localhost:8443/api/countApiCoverage/c6774af0-9456-11ec-90ef-5405dbdb2d64 TIME: 27ms ]
2022-02-24 19:26:56,175 [XNIO-1 task-1] INFO  i.m.controller.handler.WebLogAspect ? - Method[doAfter][GET: https://localhost:8443/api/scheduleTaskInfoCount/c6774af0-9456-11ec-90ef-5405dbdb2d64 TIME: 36ms ]
2022-02-24 19:26:56,175 [XNIO-1 task-4] INFO  i.m.controller.handler.WebLogAspect ? - Method[doAfter][GET: https://localhost:8443/api/testCaseInfoCount/c6774af0-9456-11ec-90ef-5405dbdb2d64 TIME: 35ms ]
2022-02-24 19:26:56,219 [XNIO-1 task-2] INFO  i.m.controller.handler.WebLogAspect ? - Method[doAfter][GET: https://localhost:8443/api/faliureCaseAboutTestPlan/c6774af0-9456-11ec-90ef-5405dbdb2d64/10 TIME: 80ms ]
2022-02-24 19:26:57,526 [XNIO-1 task-5] INFO  i.m.controller.handler.WebLogAspect ? - Method[doAfter][GET: https://localhost:8443/project/get/c6774af0-9456-11ec-90ef-5405dbdb2d64 TIME: 4ms ]
2022-02-24 19:26:57,538 [XNIO-1 task-3] INFO  i.m.controller.handler.WebLogAspect ? - Method[doAfter][POST: https://localhost:8443/user/project/member/tester/list TIME: 12ms ]
2022-02-24 19:26:57,574 [XNIO-1 task-4] INFO  i.m.controller.handler.WebLogAspect ? - Method[doAfter][GET: https://localhost:8443/api/definition/env/get/admin TIME: 29ms ]
2022-02-24 19:26:57,577 [XNIO-1 task-2] INFO  i.m.controller.handler.WebLogAspect ? - Method[doAfter][GET: https://localhost:8443/api/environment/list/c6774af0-9456-11ec-90ef-5405dbdb2d64 TIME: 43ms ]
2022-02-24 19:26:57,658 [XNIO-1 task-2] INFO  i.m.controller.handler.WebLogAspect ? - Method[doAfter][POST: https://localhost:8443/user/project/member/tester/list TIME: 22ms ]
2022-02-24 19:26:57,692 [XNIO-1 task-1] INFO  i.m.controller.handler.WebLogAspect ? - Method[doAfter][POST: https://localhost:8443/api/definition/list/1/10 TIME: 140ms ]
2022-02-24 19:26:57,948 [XNIO-1 task-1] INFO  i.m.controller.handler.WebLogAspect ? - Method[doAfter][GET: https://localhost:8443/api/module/getUserDefaultApiType/ TIME: 4ms ]
2022-02-24 19:26:57,965 [XNIO-1 task-3] INFO  i.m.controller.handler.WebLogAspect ? - Method[doAfter][GET: https://localhost:8443/project/get/c6774af0-9456-11ec-90ef-5405dbdb2d64 TIME: 5ms ]
2022-02-24 19:26:57,972 [XNIO-1 task-4] INFO  i.m.controller.handler.WebLogAspect ? - Method[doAfter][GET: https://localhost:8443/api/environment/list/c6774af0-9456-11ec-90ef-5405dbdb2d64 TIME: 11ms ]
2022-02-24 19:26:58,004 [XNIO-1 task-2] INFO  i.m.controller.handler.WebLogAspect ? - Method[doAfter][POST: https://localhost:8443/api/definition/list/1/10 TIME: 39ms ]
2022-02-24 19:26:58,026 [XNIO-1 task-4] INFO  i.m.controller.handler.WebLogAspect ? - Method[doAfter][GET: https://localhost:8443/api/module/list/c6774af0-9456-11ec-90ef-5405dbdb2d64/HTTP TIME: 29ms ]
2022-02-24 19:26:58,041 [XNIO-1 task-4] INFO  i.m.controller.handler.WebLogAspect ? - Method[doAfter][POST: https://localhost:8443/user/project/member/tester/list TIME: 5ms ]
2022-02-24 19:26:58,287 [XNIO-1 task-4] INFO  i.m.controller.handler.WebLogAspect ? - Method[doAfter][POST: https://localhost:8443/user/project/member/tester/list TIME: 3ms ]
2022-02-24 19:26:58,302 [XNIO-1 task-2] INFO  i.m.controller.handler.WebLogAspect ? - Method[doAfter][GET: https://localhost:8443/api/module/getUserDefaultApiType/ TIME: 0ms ]
2022-02-24 19:26:58,380 [XNIO-1 task-2] INFO  i.m.controller.handler.WebLogAspect ? - Method[doAfter][GET: https://localhost:8443/api/module/list/c6774af0-9456-11ec-90ef-5405dbdb2d64/HTTP TIME: 17ms ]
2022-02-24 19:26:58,464 [XNIO-1 task-2] INFO  i.m.controller.handler.WebLogAspect ? - Method[doAfter][GET: https://localhost:8443/api/module/trashCount/c6774af0-9456-11ec-90ef-5405dbdb2d64/HTTP TIME: 3ms ]
2022-02-24 19:26:58,715 [XNIO-1 task-2] INFO  i.m.controller.handler.WebLogAspect ? - Method[doAfter][GET: https://localhost:8443/api/module/list/c6774af0-9456-11ec-90ef-5405dbdb2d64/HTTP TIME: 7ms ]
2022-02-24 19:26:59,427 [XNIO-1 task-2] INFO  i.m.controller.handler.WebLogAspect ? - Method[doAfter][POST: https://localhost:8443/share/info/selectApiSimpleInfo TIME: 19ms ]
2022-02-24 19:27:00,075 [XNIO-1 task-4] INFO  i.m.controller.handler.WebLogAspect ? - Method[doAfter][POST: https://localhost:8443/api/automation/list/all/trash TIME: 7ms ]
2022-02-24 19:27:00,353 [XNIO-1 task-1] INFO  i.m.controller.handler.WebLogAspect ? - Method[doAfter][GET: https://localhost:8443/project/get/c6774af0-9456-11ec-90ef-5405dbdb2d64 TIME: 5ms ]
2022-02-24 19:27:00,369 [XNIO-1 task-2] INFO  i.m.controller.handler.WebLogAspect ? - Method[doAfter][POST: https://localhost:8443/share/info/selectApiInfoByParam TIME: 705ms ]
2022-02-24 19:27:00,402 [XNIO-1 task-3] INFO  i.m.controller.handler.WebLogAspect ? - Method[doAfter][GET: https://localhost:8443/api/automation/module/list/c6774af0-9456-11ec-90ef-5405dbdb2d64 TIME: 56ms ]
2022-02-24 19:27:00,407 [XNIO-1 task-2] INFO  i.m.controller.handler.WebLogAspect ? - Method[doAfter][POST: https://localhost:8443/user/project/member/tester/list TIME: 5ms ]
2022-02-24 19:27:00,427 [XNIO-1 task-4] INFO  i.m.controller.handler.WebLogAspect ? - Method[doAfter][POST: https://localhost:8443/api/automation/list/1/10 TIME: 60ms ]
2022-02-24 19:27:00,503 [XNIO-1 task-4] INFO  i.m.controller.handler.WebLogAspect ? - Method[doAfter][GET: https://localhost:8443/project/get/c6774af0-9456-11ec-90ef-5405dbdb2d64 TIME: 2ms ]
2022-02-24 19:27:00,764 [XNIO-1 task-4] INFO  i.m.controller.handler.WebLogAspect ? - Method[doAfter][POST: https://localhost:8443/api/automation/list/all/trash TIME: 2ms ]
