2022-03-02 11:45:56,027 [main] INFO  io.metersphere.Application ? - Starting Application using Java 11.0.10 on LAPTOP-7747EG14 with PID 35084 (D:\metersphere\backend\target\classes started by 22845 in D:\metersphere)
2022-03-02 11:45:56,030 [main] INFO  io.metersphere.Application ? - No active profile set, falling back to default profiles: default
2022-03-02 11:45:56,038 [background-preinit] INFO  o.h.validator.internal.util.Version ? - HV000001: Hibernate Validator 6.2.0.Final
2022-03-02 11:45:59,768 [main] INFO  o.s.d.r.c.RepositoryConfigurationDelegate ? - Multiple Spring Data modules found, entering strict repository configuration mode!
2022-03-02 11:45:59,773 [main] INFO  o.s.d.r.c.RepositoryConfigurationDelegate ? - Bootstrapping Spring Data LDAP repositories in DEFAULT mode.
2022-03-02 11:46:00,283 [main] INFO  o.s.d.r.c.RepositoryConfigurationDelegate ? - Finished Spring Data repository scanning in 489 ms. Found 0 LDAP repository interfaces.
2022-03-02 11:46:00,308 [main] INFO  o.s.d.r.c.RepositoryConfigurationDelegate ? - Multiple Spring Data modules found, entering strict repository configuration mode!
2022-03-02 11:46:00,310 [main] INFO  o.s.d.r.c.RepositoryConfigurationDelegate ? - Bootstrapping Spring Data Redis repositories in DEFAULT mode.
2022-03-02 11:46:00,459 [main] INFO  o.s.d.r.c.RepositoryConfigurationDelegate ? - Finished Spring Data repository scanning in 126 ms. Found 0 Redis repository interfaces.
2022-03-02 11:46:01,056 [main] INFO  o.s.c.s.PostProcessorRegistrationDelegate$BeanPostProcessorChecker ? - Bean 'shiroConfig' of type [io.metersphere.config.ShiroConfig$$EnhancerBySpringCGLIB$$b4ee8bfb] is not eligible for getting processed by all BeanPostProcessors (for example: not eligible for auto-proxying)
2022-03-02 11:46:01,355 [main] INFO  o.s.c.s.PostProcessorRegistrationDelegate$BeanPostProcessorChecker ? - Bean 'memoryConstrainedCacheManager' of type [org.apache.shiro.cache.MemoryConstrainedCacheManager] is not eligible for getting processed by all BeanPostProcessors (for example: not eligible for auto-proxying)
2022-03-02 11:46:01,374 [main] INFO  o.s.c.s.PostProcessorRegistrationDelegate$BeanPostProcessorChecker ? - Bean 'sessionManager' of type [io.metersphere.security.CustomSessionManager] is not eligible for getting processed by all BeanPostProcessors (for example: not eligible for auto-proxying)
2022-03-02 11:46:01,465 [main] INFO  o.s.c.s.PostProcessorRegistrationDelegate$BeanPostProcessorChecker ? - Bean 'modularRealmAuthenticator' of type [io.metersphere.security.UserModularRealmAuthenticator] is not eligible for getting processed by all BeanPostProcessors (for example: not eligible for auto-proxying)
2022-03-02 11:46:01,467 [main] INFO  o.s.c.s.PostProcessorRegistrationDelegate$BeanPostProcessorChecker ? - Bean 'securityManager' of type [org.apache.shiro.web.mgt.DefaultWebSecurityManager] is not eligible for getting processed by all BeanPostProcessors (for example: not eligible for auto-proxying)
2022-03-02 11:46:01,530 [main] INFO  o.s.c.s.PostProcessorRegistrationDelegate$BeanPostProcessorChecker ? - Bean 'getAuthorizationAttributeSourceAdvisor' of type [org.apache.shiro.spring.security.interceptor.AuthorizationAttributeSourceAdvisor] is not eligible for getting processed by all BeanPostProcessors (for example: not eligible for auto-proxying)
2022-03-02 11:46:01,765 [main] INFO  o.s.c.s.PostProcessorRegistrationDelegate$BeanPostProcessorChecker ? - Bean 'databaseConfig' of type [io.metersphere.config.DatabaseConfig$$EnhancerBySpringCGLIB$$a43cf71d] is not eligible for getting processed by all BeanPostProcessors (for example: not eligible for auto-proxying)
2022-03-02 11:46:01,782 [main] INFO  o.s.c.s.PostProcessorRegistrationDelegate$BeanPostProcessorChecker 376 - Bean 'org.springframework.boot.autoconfigure.flyway.FlywayAutoConfiguration' of type [org.springframework.boot.autoconfigure.flyway.FlywayAutoConfiguration] is not eligible for getting processed by all BeanPostProcessors (for example: not eligible for auto-proxying)
2022-03-02 11:46:01,785 [main] INFO  o.s.c.s.PostProcessorRegistrationDelegate$BeanPostProcessorChecker ? - Bean 'stringOrNumberMigrationVersionConverter' of type [org.springframework.boot.autoconfigure.flyway.FlywayAutoConfiguration$StringOrNumberToMigrationVersionConverter] is not eligible for getting processed by all BeanPostProcessors (for example: not eligible for auto-proxying)
2022-03-02 11:46:01,804 [main] INFO  o.s.c.s.PostProcessorRegistrationDelegate$BeanPostProcessorChecker ? - Bean 'spring.datasource-org.springframework.boot.autoconfigure.jdbc.DataSourceProperties' of type [org.springframework.boot.autoconfigure.jdbc.DataSourceProperties] is not eligible for getting processed by all BeanPostProcessors (for example: not eligible for auto-proxying)
2022-03-02 11:46:01,834 [main] INFO  o.s.c.s.PostProcessorRegistrationDelegate$BeanPostProcessorChecker ? - Bean 'dataSource' of type [com.zaxxer.hikari.HikariDataSource] is not eligible for getting processed by all BeanPostProcessors (for example: not eligible for auto-proxying)
2022-03-02 11:46:01,866 [main] INFO  o.s.c.s.PostProcessorRegistrationDelegate$BeanPostProcessorChecker 376 - Bean 'quartz-com.fit2cloud.autoconfigure.QuartzProperties' of type [com.fit2cloud.autoconfigure.QuartzProperties] is not eligible for getting processed by all BeanPostProcessors (for example: not eligible for auto-proxying)
2022-03-02 11:46:01,878 [main] INFO  o.s.c.s.PostProcessorRegistrationDelegate$BeanPostProcessorChecker ? - Bean 'quartzDataSource' of type [com.zaxxer.hikari.HikariDataSource] is not eligible for getting processed by all BeanPostProcessors (for example: not eligible for auto-proxying)
2022-03-02 11:46:01,886 [main] INFO  o.s.c.s.PostProcessorRegistrationDelegate$BeanPostProcessorChecker 376 - Bean 'com.fit2cloud.autoconfigure.QuartzAutoConfiguration' of type [com.fit2cloud.autoconfigure.QuartzAutoConfiguration$$EnhancerBySpringCGLIB$$df568ee2] is not eligible for getting processed by all BeanPostProcessors (for example: not eligible for auto-proxying)
2022-03-02 11:46:01,895 [main] INFO  o.s.c.s.PostProcessorRegistrationDelegate$BeanPostProcessorChecker ? - Bean 'org.springframework.boot.autoconfigure.flyway.FlywayAutoConfiguration$FlywayConfiguration' of type [org.springframework.boot.autoconfigure.flyway.FlywayAutoConfiguration$FlywayConfiguration] is not eligible for getting processed by all BeanPostProcessors (for example: not eligible for auto-proxying)
2022-03-02 11:46:01,912 [main] INFO  o.s.c.s.PostProcessorRegistrationDelegate$BeanPostProcessorChecker ? - Bean 'spring.flyway-org.springframework.boot.autoconfigure.flyway.FlywayProperties' of type [org.springframework.boot.autoconfigure.flyway.FlywayProperties] is not eligible for getting processed by all BeanPostProcessors (for example: not eligible for auto-proxying)
2022-03-02 11:46:01,957 [main] INFO  o.s.c.s.PostProcessorRegistrationDelegate$BeanPostProcessorChecker ? - Bean 'flyway' of type [org.flywaydb.core.Flyway] is not eligible for getting processed by all BeanPostProcessors (for example: not eligible for auto-proxying)
2022-03-02 11:46:01,984 [main] WARN  com.zaxxer.hikari.HikariConfig ? - DatebookHikariCP - idleTimeout has been set but has no effect because the pool is operating as a fixed size pool.
2022-03-02 11:46:01,985 [main] INFO  com.zaxxer.hikari.HikariDataSource ? - DatebookHikariCP - Starting...
2022-03-02 11:46:02,328 [main] INFO  com.zaxxer.hikari.HikariDataSource ? - DatebookHikariCP - Start completed.
2022-03-02 11:46:02,361 [main] INFO  o.f.c.i.license.VersionPrinter 44 - Flyway Community Edition 7.15.0 by Redgate
2022-03-02 11:46:02,362 [main] INFO  o.f.c.i.d.base.BaseDatabaseType ? - Database: jdbc:mysql://localhost:3306/metersphere (MySQL 5.7)
2022-03-02 11:46:02,695 [main] INFO  o.f.core.internal.command.DbMigrate ? - Current version of schema `metersphere`: 108
2022-03-02 11:46:02,696 [main] INFO  o.f.core.internal.command.DbMigrate ? - Schema `metersphere` is up to date. No migration necessary.
2022-03-02 11:46:02,704 [main] INFO  o.s.c.s.PostProcessorRegistrationDelegate$BeanPostProcessorChecker ? - Bean 'flywayInitializer' of type [org.springframework.boot.autoconfigure.flyway.FlywayMigrationInitializer] is not eligible for getting processed by all BeanPostProcessors (for example: not eligible for auto-proxying)
2022-03-02 11:46:02,707 [main] INFO  o.s.c.s.PostProcessorRegistrationDelegate$BeanPostProcessorChecker ? - Bean 'org.springframework.boot.autoconfigure.sql.init.DataSourceInitializationConfiguration' of type [org.springframework.boot.autoconfigure.sql.init.DataSourceInitializationConfiguration] is not eligible for getting processed by all BeanPostProcessors (for example: not eligible for auto-proxying)
2022-03-02 11:46:02,712 [main] INFO  o.s.c.s.PostProcessorRegistrationDelegate$BeanPostProcessorChecker ? - Bean 'spring.sql.init-org.springframework.boot.autoconfigure.sql.init.SqlInitializationProperties' of type [org.springframework.boot.autoconfigure.sql.init.SqlInitializationProperties] is not eligible for getting processed by all BeanPostProcessors (for example: not eligible for auto-proxying)
2022-03-02 11:46:02,720 [main] INFO  o.s.c.s.PostProcessorRegistrationDelegate$BeanPostProcessorChecker ? - Bean 'dataSourceScriptDatabaseInitializer' of type [org.springframework.boot.autoconfigure.sql.init.SqlDataSourceScriptDatabaseInitializer] is not eligible for getting processed by all BeanPostProcessors (for example: not eligible for auto-proxying)
2022-03-02 11:46:02,779 [main] INFO  org.quartz.impl.StdSchedulerFactory ? - Using default implementation for ThreadExecutor
2022-03-02 11:46:02,783 [main] INFO  org.quartz.simpl.SimpleThreadPool ? - Job execution threads will use class loader of thread: main
2022-03-02 11:46:02,802 [main] INFO  o.quartz.core.SchedulerSignalerImpl ? - Initialized Scheduler Signaller of type: class org.quartz.core.SchedulerSignalerImpl
2022-03-02 11:46:02,803 [main] INFO  org.quartz.core.QuartzScheduler ? - Quartz Scheduler v.2.3.2 created.
2022-03-02 11:46:02,810 [main] WARN  com.zaxxer.hikari.HikariConfig ? - DatebookHikariCP - idleTimeout has been set but has no effect because the pool is operating as a fixed size pool.
2022-03-02 11:46:02,810 [main] INFO  com.zaxxer.hikari.HikariDataSource 110 - DatebookHikariCP - Starting...
2022-03-02 11:46:02,814 [main] INFO  com.zaxxer.hikari.HikariDataSource ? - DatebookHikariCP - Start completed.
2022-03-02 11:46:02,815 [main] INFO  o.s.s.quartz.LocalDataSourceJobStore ? - Using db table-based data access locking (synchronization).
2022-03-02 11:46:02,818 [main] INFO  o.s.s.quartz.LocalDataSourceJobStore ? - JobStoreCMT initialized.
2022-03-02 11:46:02,819 [main] INFO  org.quartz.core.QuartzScheduler ? - Scheduler meta-data: Quartz Scheduler (v2.3.2) 'clusterScheduler' with instanceId 'LAPTOP-7747EG141646192762782'
  Scheduler class: 'org.quartz.core.QuartzScheduler' - running locally.
  NOT STARTED.
  Currently in standby mode.
  Number of jobs executed: 0
  Using thread pool 'org.quartz.simpl.SimpleThreadPool' - with 60 threads.
  Using job-store 'org.springframework.scheduling.quartz.LocalDataSourceJobStore' - which supports persistence. and is clustered.

2022-03-02 11:46:02,819 [main] INFO  org.quartz.impl.StdSchedulerFactory ? - Quartz scheduler 'clusterScheduler' initialized from an externally provided properties instance.
2022-03-02 11:46:02,819 [main] INFO  org.quartz.impl.StdSchedulerFactory 1378 - Quartz scheduler version: 2.3.2
2022-03-02 11:46:02,821 [main] INFO  org.quartz.core.QuartzScheduler ? - JobFactory set to: org.springframework.scheduling.quartz.AdaptableJobFactory@64d53f0d
2022-03-02 11:46:02,821 [main] INFO  o.s.c.s.PostProcessorRegistrationDelegate$BeanPostProcessorChecker ? - Bean 'clusterSchedulerFactoryBean' of type [org.springframework.scheduling.quartz.SchedulerFactoryBean] is not eligible for getting processed by all BeanPostProcessors (for example: not eligible for auto-proxying)
2022-03-02 11:46:02,837 [main] INFO  o.s.c.s.PostProcessorRegistrationDelegate$BeanPostProcessorChecker ? - Bean 'clusterSchedulerFactoryBean' of type [org.quartz.impl.StdScheduler] is not eligible for getting processed by all BeanPostProcessors (for example: not eligible for auto-proxying)
2022-03-02 11:46:02,852 [main] INFO  o.s.c.s.PostProcessorRegistrationDelegate$BeanPostProcessorChecker ? - Bean 'quartzTimeZone' of type [sun.util.calendar.ZoneInfo] is not eligible for getting processed by all BeanPostProcessors (for example: not eligible for auto-proxying)
2022-03-02 11:46:02,860 [main] INFO  o.s.c.s.PostProcessorRegistrationDelegate$BeanPostProcessorChecker ? - Bean 'org.apache.shiro.spring.boot.autoconfigure.ShiroBeanAutoConfiguration' of type [org.apache.shiro.spring.boot.autoconfigure.ShiroBeanAutoConfiguration$$EnhancerBySpringCGLIB$$4f80a67f] is not eligible for getting processed by all BeanPostProcessors (for example: not eligible for auto-proxying)
2022-03-02 11:46:02,864 [main] INFO  o.s.c.s.PostProcessorRegistrationDelegate$BeanPostProcessorChecker ? - Bean 'eventBus' of type [org.apache.shiro.event.support.DefaultEventBus] is not eligible for getting processed by all BeanPostProcessors (for example: not eligible for auto-proxying)
2022-03-02 11:46:03,311 [main] WARN  io.undertow.websockets.jsr ? - UT026010: Buffer pool was not set on WebSocketDeploymentInfo, the default pool will be used
2022-03-02 11:46:03,342 [main] INFO  io.undertow.servlet ? - Initializing Spring embedded WebApplicationContext
2022-03-02 11:46:03,342 [main] INFO  o.s.b.w.s.c.ServletWebServerApplicationContext 290 - Root WebApplicationContext: initialization completed in 6983 ms
2022-03-02 11:46:17,694 [main] WARN  o.s.b.a.f.FreeMarkerAutoConfiguration ? - Cannot find template location(s): [classpath:/templates/] (please add some templates, check your FreeMarker configuration, or set spring.freemarker.checkTemplateLocation=false)
2022-03-02 11:46:17,697 [main] WARN  o.s.b.a.g.t.GroovyTemplateAutoConfiguration 86 - Cannot find template location: classpath:/templates/ (please add some templates, check your Groovy configuration, or set spring.groovy.template.check-template-location=false)
2022-03-02 11:46:18,743 [main] INFO  io.undertow.websockets.jsr ? - UT026003: Adding annotated server endpoint class io.metersphere.websocket.ApiReportWebSocket for path /api/definition/run/report/{reportId}/{runMode}
2022-03-02 11:46:18,752 [main] INFO  io.undertow.websockets.jsr ? - UT026003: Adding annotated server endpoint class io.metersphere.websocket.NotificationWebSocket for path /notification/count/{userId}
2022-03-02 11:46:18,753 [main] INFO  io.undertow.websockets.jsr ? - UT026003: Adding annotated server endpoint class io.metersphere.websocket.ReportWebSocket for path /performance/report/{reportId}
2022-03-02 11:46:18,753 [main] INFO  io.undertow.websockets.jsr ? - UT026003: Adding annotated server endpoint class io.metersphere.websocket.TaskCenterWebSocket for path /task/center/count/running/{projectId}
2022-03-02 11:46:18,753 [main] INFO  io.undertow.websockets.jsr 639 - UT026003: Adding annotated server endpoint class io.metersphere.websocket.WebSocketServer for path /socket
2022-03-02 11:46:18,754 [main] INFO  io.undertow.websockets.jsr ? - UT026003: Adding annotated server endpoint class io.metersphere.websocket.c.to.c.IndexWebSocket for path /ws/{reportId}
2022-03-02 11:46:18,826 [main] INFO  o.a.k.c.admin.AdminClientConfig ? - AdminClientConfig values: 
	bootstrap.servers = [172.17.9.54:9092]
	client.dns.lookup = use_all_dns_ips
	client.id = 
	connections.max.idle.ms = 300000
	default.api.timeout.ms = 60000
	metadata.max.age.ms = 300000
	metric.reporters = []
	metrics.num.samples = 2
	metrics.recording.level = INFO
	metrics.sample.window.ms = 30000
	receive.buffer.bytes = 65536
	reconnect.backoff.max.ms = 1000
	reconnect.backoff.ms = 50
	request.timeout.ms = 30000
	retries = 2147483647
	retry.backoff.ms = 100
	sasl.client.callback.handler.class = null
	sasl.jaas.config = null
	sasl.kerberos.kinit.cmd = /usr/bin/kinit
	sasl.kerberos.min.time.before.relogin = 60000
	sasl.kerberos.service.name = null
	sasl.kerberos.ticket.renew.jitter = 0.05
	sasl.kerberos.ticket.renew.window.factor = 0.8
	sasl.login.callback.handler.class = null
	sasl.login.class = null
	sasl.login.refresh.buffer.seconds = 300
	sasl.login.refresh.min.period.seconds = 60
	sasl.login.refresh.window.factor = 0.8
	sasl.login.refresh.window.jitter = 0.05
	sasl.mechanism = GSSAPI
	security.protocol = PLAINTEXT
	security.providers = null
	send.buffer.bytes = 131072
	socket.connection.setup.timeout.max.ms = 30000
	socket.connection.setup.timeout.ms = 10000
	ssl.cipher.suites = null
	ssl.enabled.protocols = [TLSv1.2, TLSv1.3]
	ssl.endpoint.identification.algorithm = https
	ssl.engine.factory.class = null
	ssl.key.password = null
	ssl.keymanager.algorithm = SunX509
	ssl.keystore.certificate.chain = null
	ssl.keystore.key = null
	ssl.keystore.location = null
	ssl.keystore.password = null
	ssl.keystore.type = JKS
	ssl.protocol = TLSv1.3
	ssl.provider = null
	ssl.secure.random.implementation = null
	ssl.trustmanager.algorithm = PKIX
	ssl.truststore.certificates = null
	ssl.truststore.location = null
	ssl.truststore.password = null
	ssl.truststore.type = JKS

2022-03-02 11:46:18,883 [main] INFO  o.a.kafka.common.utils.AppInfoParser ? - Kafka version: 3.0.0
2022-03-02 11:46:18,883 [main] INFO  o.a.kafka.common.utils.AppInfoParser 120 - Kafka commitId: 8cb0a5e9d3441962
2022-03-02 11:46:18,883 [main] INFO  o.a.kafka.common.utils.AppInfoParser ? - Kafka startTimeMs: 1646192778881
2022-03-02 11:46:48,910 [kafka-admin-client-thread | adminclient-1] INFO  o.a.k.c.a.i.AdminMetadataManager ? - [AdminClient clientId=adminclient-1] Metadata update failed
org.apache.kafka.common.errors.TimeoutException: Timed out waiting to send the call. Call: fetchMetadata
2022-03-02 11:46:48,910 [main] ERROR o.s.kafka.core.KafkaAdmin ? - Could not configure topics
org.springframework.kafka.KafkaException: Timed out waiting to get existing topics; nested exception is java.util.concurrent.TimeoutException
	at org.springframework.kafka.core.KafkaAdmin.lambda$checkPartitions$5(KafkaAdmin.java:275)
	at java.base/java.util.HashMap.forEach(HashMap.java:1336)
	at org.springframework.kafka.core.KafkaAdmin.checkPartitions(KafkaAdmin.java:254)
	at org.springframework.kafka.core.KafkaAdmin.addOrModifyTopicsIfNeeded(KafkaAdmin.java:240)
	at org.springframework.kafka.core.KafkaAdmin.initialize(KafkaAdmin.java:178)
	at org.springframework.kafka.core.KafkaAdmin.afterSingletonsInstantiated(KafkaAdmin.java:145)
	at org.springframework.beans.factory.support.DefaultListableBeanFactory.preInstantiateSingletons(DefaultListableBeanFactory.java:972)
	at org.springframework.context.support.AbstractApplicationContext.finishBeanFactoryInitialization(AbstractApplicationContext.java:918)
	at org.springframework.context.support.AbstractApplicationContext.refresh(AbstractApplicationContext.java:583)
	at org.springframework.boot.web.servlet.context.ServletWebServerApplicationContext.refresh(ServletWebServerApplicationContext.java:145)
	at org.springframework.boot.SpringApplication.refresh(SpringApplication.java:730)
	at org.springframework.boot.SpringApplication.refreshContext(SpringApplication.java:412)
	at org.springframework.boot.SpringApplication.run(SpringApplication.java:302)
	at org.springframework.boot.SpringApplication.run(SpringApplication.java:1301)
	at org.springframework.boot.SpringApplication.run(SpringApplication.java:1290)
	at io.metersphere.Application.main(Application.java:32)
Caused by: java.util.concurrent.TimeoutException: null
	at java.base/java.util.concurrent.CompletableFuture.timedGet(CompletableFuture.java:1886)
	at java.base/java.util.concurrent.CompletableFuture.get(CompletableFuture.java:2021)
	at org.apache.kafka.common.internals.KafkaFutureImpl.get(KafkaFutureImpl.java:180)
	at org.springframework.kafka.core.KafkaAdmin.lambda$checkPartitions$5(KafkaAdmin.java:257)
	... 15 common frames omitted
2022-03-02 11:46:58,925 [kafka-admin-client-thread | adminclient-1] INFO  o.a.k.clients.admin.KafkaAdminClient ? - [AdminClient clientId=adminclient-1] Forcing a hard I/O thread shutdown. Requests in progress will be aborted.
2022-03-02 11:46:58,926 [kafka-admin-client-thread | adminclient-1] INFO  o.a.kafka.common.utils.AppInfoParser ? - App info kafka.admin.client for adminclient-1 unregistered
2022-03-02 11:46:58,927 [kafka-admin-client-thread | adminclient-1] INFO  o.a.k.c.a.i.AdminMetadataManager 235 - [AdminClient clientId=adminclient-1] Metadata update failed
org.apache.kafka.common.errors.TimeoutException: Timed out waiting to send the call. Call: fetchMetadata
2022-03-02 11:46:58,927 [kafka-admin-client-thread | adminclient-1] INFO  o.a.k.clients.admin.KafkaAdminClient ? - [AdminClient clientId=adminclient-1] Timed out 2 remaining operation(s) during close.
2022-03-02 11:46:58,929 [kafka-admin-client-thread | adminclient-1] INFO  o.a.kafka.common.metrics.Metrics 659 - Metrics scheduler closed
2022-03-02 11:46:58,929 [kafka-admin-client-thread | adminclient-1] INFO  o.a.kafka.common.metrics.Metrics ? - Closing reporter org.apache.kafka.common.metrics.JmxReporter
2022-03-02 11:46:58,929 [kafka-admin-client-thread | adminclient-1] INFO  o.a.kafka.common.metrics.Metrics 669 - Metrics reporters closed
2022-03-02 11:46:58,987 [main] INFO  o.a.k.c.consumer.ConsumerConfig ? - ConsumerConfig values: 
	allow.auto.create.topics = true
	auto.commit.interval.ms = 5000
	auto.offset.reset = latest
	bootstrap.servers = [172.17.9.54:9092]
	check.crcs = true
	client.dns.lookup = use_all_dns_ips
	client.id = consumer-metersphere_group_id-1
	client.rack = 
	connections.max.idle.ms = 540000
	default.api.timeout.ms = 60000
	enable.auto.commit = false
	exclude.internal.topics = true
	fetch.max.bytes = 52428800
	fetch.max.wait.ms = 500
	fetch.min.bytes = 1
	group.id = metersphere_group_id
	group.instance.id = null
	heartbeat.interval.ms = 3000
	interceptor.classes = []
	internal.leave.group.on.close = true
	internal.throw.on.fetch.stable.offset.unsupported = false
	isolation.level = read_uncommitted
	key.deserializer = class org.apache.kafka.common.serialization.StringDeserializer
	max.partition.fetch.bytes = 52428800
	max.poll.interval.ms = 300000
	max.poll.records = 500
	metadata.max.age.ms = 300000
	metric.reporters = []
	metrics.num.samples = 2
	metrics.recording.level = INFO
	metrics.sample.window.ms = 30000
	partition.assignment.strategy = [class org.apache.kafka.clients.consumer.RangeAssignor, class org.apache.kafka.clients.consumer.CooperativeStickyAssignor]
	receive.buffer.bytes = 65536
	reconnect.backoff.max.ms = 1000
	reconnect.backoff.ms = 50
	request.timeout.ms = 30000
	retry.backoff.ms = 100
	sasl.client.callback.handler.class = null
	sasl.jaas.config = null
	sasl.kerberos.kinit.cmd = /usr/bin/kinit
	sasl.kerberos.min.time.before.relogin = 60000
	sasl.kerberos.service.name = null
	sasl.kerberos.ticket.renew.jitter = 0.05
	sasl.kerberos.ticket.renew.window.factor = 0.8
	sasl.login.callback.handler.class = null
	sasl.login.class = null
	sasl.login.refresh.buffer.seconds = 300
	sasl.login.refresh.min.period.seconds = 60
	sasl.login.refresh.window.factor = 0.8
	sasl.login.refresh.window.jitter = 0.05
	sasl.mechanism = GSSAPI
	security.protocol = PLAINTEXT
	security.providers = null
	send.buffer.bytes = 131072
	session.timeout.ms = 45000
	socket.connection.setup.timeout.max.ms = 30000
	socket.connection.setup.timeout.ms = 10000
	ssl.cipher.suites = null
	ssl.enabled.protocols = [TLSv1.2, TLSv1.3]
	ssl.endpoint.identification.algorithm = https
	ssl.engine.factory.class = null
	ssl.key.password = null
	ssl.keymanager.algorithm = SunX509
	ssl.keystore.certificate.chain = null
	ssl.keystore.key = null
	ssl.keystore.location = null
	ssl.keystore.password = null
	ssl.keystore.type = JKS
	ssl.protocol = TLSv1.3
	ssl.provider = null
	ssl.secure.random.implementation = null
	ssl.trustmanager.algorithm = PKIX
	ssl.truststore.certificates = null
	ssl.truststore.location = null
	ssl.truststore.password = null
	ssl.truststore.type = JKS
	value.deserializer = class org.apache.kafka.common.serialization.StringDeserializer

2022-03-02 11:46:59,033 [main] INFO  o.a.kafka.common.utils.AppInfoParser 119 - Kafka version: 3.0.0
2022-03-02 11:46:59,033 [main] INFO  o.a.kafka.common.utils.AppInfoParser 120 - Kafka commitId: 8cb0a5e9d3441962
2022-03-02 11:46:59,033 [main] INFO  o.a.kafka.common.utils.AppInfoParser 121 - Kafka startTimeMs: 1646192819033
2022-03-02 11:46:59,044 [main] INFO  o.a.k.clients.consumer.KafkaConsumer ? - [Consumer clientId=consumer-metersphere_group_id-1, groupId=metersphere_group_id] Subscribed to topic(s): ms-api-exec-topic
2022-03-02 11:46:59,055 [main] INFO  o.a.k.c.consumer.ConsumerConfig ? - ConsumerConfig values: 
	allow.auto.create.topics = true
	auto.commit.interval.ms = 5000
	auto.offset.reset = latest
	bootstrap.servers = [172.17.9.54:9092]
	check.crcs = true
	client.dns.lookup = use_all_dns_ips
	client.id = consumer-metersphere_group_id-2
	client.rack = 
	connections.max.idle.ms = 540000
	default.api.timeout.ms = 60000
	enable.auto.commit = false
	exclude.internal.topics = true
	fetch.max.bytes = 52428800
	fetch.max.wait.ms = 500
	fetch.min.bytes = 1
	group.id = metersphere_group_id
	group.instance.id = null
	heartbeat.interval.ms = 3000
	interceptor.classes = []
	internal.leave.group.on.close = true
	internal.throw.on.fetch.stable.offset.unsupported = false
	isolation.level = read_uncommitted
	key.deserializer = class org.apache.kafka.common.serialization.StringDeserializer
	max.partition.fetch.bytes = 52428800
	max.poll.interval.ms = 300000
	max.poll.records = 500
	metadata.max.age.ms = 300000
	metric.reporters = []
	metrics.num.samples = 2
	metrics.recording.level = INFO
	metrics.sample.window.ms = 30000
	partition.assignment.strategy = [class org.apache.kafka.clients.consumer.RangeAssignor, class org.apache.kafka.clients.consumer.CooperativeStickyAssignor]
	receive.buffer.bytes = 65536
	reconnect.backoff.max.ms = 1000
	reconnect.backoff.ms = 50
	request.timeout.ms = 30000
	retry.backoff.ms = 100
	sasl.client.callback.handler.class = null
	sasl.jaas.config = null
	sasl.kerberos.kinit.cmd = /usr/bin/kinit
	sasl.kerberos.min.time.before.relogin = 60000
	sasl.kerberos.service.name = null
	sasl.kerberos.ticket.renew.jitter = 0.05
	sasl.kerberos.ticket.renew.window.factor = 0.8
	sasl.login.callback.handler.class = null
	sasl.login.class = null
	sasl.login.refresh.buffer.seconds = 300
	sasl.login.refresh.min.period.seconds = 60
	sasl.login.refresh.window.factor = 0.8
	sasl.login.refresh.window.jitter = 0.05
	sasl.mechanism = GSSAPI
	security.protocol = PLAINTEXT
	security.providers = null
	send.buffer.bytes = 131072
	session.timeout.ms = 45000
	socket.connection.setup.timeout.max.ms = 30000
	socket.connection.setup.timeout.ms = 10000
	ssl.cipher.suites = null
	ssl.enabled.protocols = [TLSv1.2, TLSv1.3]
	ssl.endpoint.identification.algorithm = https
	ssl.engine.factory.class = null
	ssl.key.password = null
	ssl.keymanager.algorithm = SunX509
	ssl.keystore.certificate.chain = null
	ssl.keystore.key = null
	ssl.keystore.location = null
	ssl.keystore.password = null
	ssl.keystore.type = JKS
	ssl.protocol = TLSv1.3
	ssl.provider = null
	ssl.secure.random.implementation = null
	ssl.trustmanager.algorithm = PKIX
	ssl.truststore.certificates = null
	ssl.truststore.location = null
	ssl.truststore.password = null
	ssl.truststore.type = JKS
	value.deserializer = class org.apache.kafka.common.serialization.StringDeserializer

2022-03-02 11:46:59,059 [main] INFO  o.a.kafka.common.utils.AppInfoParser ? - Kafka version: 3.0.0
2022-03-02 11:46:59,059 [main] INFO  o.a.kafka.common.utils.AppInfoParser ? - Kafka commitId: 8cb0a5e9d3441962
2022-03-02 11:46:59,060 [main] INFO  o.a.kafka.common.utils.AppInfoParser 121 - Kafka startTimeMs: 1646192819059
2022-03-02 11:46:59,063 [main] INFO  o.a.k.clients.consumer.KafkaConsumer ? - [Consumer clientId=consumer-metersphere_group_id-2, groupId=metersphere_group_id] Subscribed to topic(s): JMETER_TESTS
2022-03-02 11:46:59,086 [main] INFO  io.undertow ? - starting server: Undertow - 2.2.14.Final
2022-03-02 11:46:59,096 [main] INFO  org.xnio ? - XNIO version 3.8.4.Final
2022-03-02 11:46:59,105 [main] INFO  org.xnio.nio ? - XNIO NIO Implementation Version 3.8.4.Final
2022-03-02 11:46:59,133 [main] INFO  org.jboss.threads ? - JBoss Threads version 3.1.0.Final
2022-03-02 11:46:59,202 [main] INFO  o.s.b.w.e.undertow.UndertowWebServer ? - Undertow started on port(s) 8443 (https) 8081 (http)
2022-03-02 11:46:59,329 [main] INFO  io.undertow.servlet ? - Initializing Spring embedded WebApplicationContext
2022-03-02 11:46:59,329 [main] INFO  o.s.b.w.s.c.ServletWebServerApplicationContext 290 - Root WebApplicationContext: initialization completed in 123 ms
2022-03-02 11:46:59,341 [main] INFO  o.s.b.a.e.web.EndpointLinksResolver 58 - Exposing 16 endpoint(s) beneath base path '/actuator'
2022-03-02 11:47:01,429 [main] INFO  io.undertow ? - starting server: Undertow - 2.2.14.Final
2022-03-02 11:47:01,445 [main] INFO  o.s.b.w.e.undertow.UndertowWebServer ? - Undertow started on port(s) 8083 (https)
2022-03-02 11:47:01,628 [main] INFO  o.s.s.quartz.SchedulerFactoryBean 734 - Will start Quartz Scheduler [clusterScheduler] in 60 seconds
2022-03-02 11:47:01,649 [main] INFO  io.metersphere.Application ? - Started Application in 66.029 seconds (JVM running for 69.604)
2022-03-02 11:47:02,111 [RMI TCP Connection(5)-172.17.112.1] INFO  io.undertow.servlet ? - Initializing Spring DispatcherServlet 'dispatcherServlet'
2022-03-02 11:47:02,112 [RMI TCP Connection(5)-172.17.112.1] INFO  o.s.web.servlet.DispatcherServlet ? - Initializing Servlet 'dispatcherServlet'
2022-03-02 11:47:02,116 [RMI TCP Connection(5)-172.17.112.1] INFO  o.s.web.servlet.DispatcherServlet ? - Completed initialization in 4 ms
2022-03-02 11:47:09,277 [load-test-data-0-C-1] WARN  o.apache.kafka.clients.NetworkClient ? - [Consumer clientId=consumer-metersphere_group_id-2, groupId=metersphere_group_id] Bootstrap broker 172.17.9.54:9092 (id: -1 rack: null) disconnected
2022-03-02 11:47:11,092 [ms-api-exec-consume-0-C-1] WARN  o.apache.kafka.clients.NetworkClient ? - [Consumer clientId=consumer-metersphere_group_id-1, groupId=metersphere_group_id] Bootstrap broker 172.17.9.54:9092 (id: -1 rack: null) disconnected
2022-03-02 11:47:25,494 [load-test-data-0-C-1] WARN  o.apache.kafka.clients.NetworkClient 1050 - [Consumer clientId=consumer-metersphere_group_id-2, groupId=metersphere_group_id] Bootstrap broker 172.17.9.54:9092 (id: -1 rack: null) disconnected
2022-03-02 11:47:29,427 [ms-api-exec-consume-0-C-1] WARN  o.apache.kafka.clients.NetworkClient ? - [Consumer clientId=consumer-metersphere_group_id-1, groupId=metersphere_group_id] Bootstrap broker 172.17.9.54:9092 (id: -1 rack: null) disconnected
2022-03-02 11:47:46,739 [load-test-data-0-C-1] WARN  o.apache.kafka.clients.NetworkClient ? - [Consumer clientId=consumer-metersphere_group_id-2, groupId=metersphere_group_id] Connection to node -1 (/172.17.9.54:9092) could not be established. Broker may not be available.
2022-03-02 11:47:46,739 [load-test-data-0-C-1] WARN  o.apache.kafka.clients.NetworkClient ? - [Consumer clientId=consumer-metersphere_group_id-2, groupId=metersphere_group_id] Bootstrap broker 172.17.9.54:9092 (id: -1 rack: null) disconnected
2022-03-02 11:47:50,570 [ms-api-exec-consume-0-C-1] WARN  o.apache.kafka.clients.NetworkClient 766 - [Consumer clientId=consumer-metersphere_group_id-1, groupId=metersphere_group_id] Connection to node -1 (/172.17.9.54:9092) could not be established. Broker may not be available.
2022-03-02 11:47:50,570 [ms-api-exec-consume-0-C-1] WARN  o.apache.kafka.clients.NetworkClient ? - [Consumer clientId=consumer-metersphere_group_id-1, groupId=metersphere_group_id] Bootstrap broker 172.17.9.54:9092 (id: -1 rack: null) disconnected
2022-03-02 11:47:50,942 [SpringApplicationShutdownHook] INFO  io.undertow ? - stopping server: Undertow - 2.2.14.Final
2022-03-02 11:47:50,955 [SpringApplicationShutdownHook] INFO  io.undertow ? - stopping server: Undertow - 2.2.14.Final
2022-03-02 11:47:50,959 [SpringApplicationShutdownHook] INFO  io.undertow.servlet ? - Destroying Spring FrameworkServlet 'dispatcherServlet'
2022-03-02 11:47:50,964 [ms-api-exec-consume-0-C-1] INFO  o.a.k.c.c.i.ConsumerCoordinator ? - [Consumer clientId=consumer-metersphere_group_id-1, groupId=metersphere_group_id] Resetting generation due to: consumer pro-actively leaving the group
2022-03-02 11:47:50,965 [ms-api-exec-consume-0-C-1] INFO  o.a.k.c.c.i.ConsumerCoordinator ? - [Consumer clientId=consumer-metersphere_group_id-1, groupId=metersphere_group_id] Request joining group due to: consumer pro-actively leaving the group
2022-03-02 11:47:50,965 [ms-api-exec-consume-0-C-1] INFO  o.a.k.clients.consumer.KafkaConsumer ? - [Consumer clientId=consumer-metersphere_group_id-1, groupId=metersphere_group_id] Unsubscribed all topics or patterns and assigned partitions
2022-03-02 11:47:50,965 [load-test-data-0-C-1] INFO  o.a.k.c.c.i.ConsumerCoordinator ? - [Consumer clientId=consumer-metersphere_group_id-2, groupId=metersphere_group_id] Resetting generation due to: consumer pro-actively leaving the group
2022-03-02 11:47:50,965 [load-test-data-0-C-1] INFO  o.a.k.c.c.i.ConsumerCoordinator ? - [Consumer clientId=consumer-metersphere_group_id-2, groupId=metersphere_group_id] Request joining group due to: consumer pro-actively leaving the group
2022-03-02 11:47:50,965 [load-test-data-0-C-1] INFO  o.a.k.clients.consumer.KafkaConsumer 1075 - [Consumer clientId=consumer-metersphere_group_id-2, groupId=metersphere_group_id] Unsubscribed all topics or patterns and assigned partitions
2022-03-02 11:47:50,966 [ms-api-exec-consume-0-C-1] INFO  o.a.k.c.c.i.ConsumerCoordinator ? - [Consumer clientId=consumer-metersphere_group_id-1, groupId=metersphere_group_id] Resetting generation due to: consumer pro-actively leaving the group
2022-03-02 11:47:50,966 [load-test-data-0-C-1] INFO  o.a.k.c.c.i.ConsumerCoordinator 966 - [Consumer clientId=consumer-metersphere_group_id-2, groupId=metersphere_group_id] Resetting generation due to: consumer pro-actively leaving the group
2022-03-02 11:47:50,967 [load-test-data-0-C-1] INFO  o.a.k.c.c.i.ConsumerCoordinator ? - [Consumer clientId=consumer-metersphere_group_id-2, groupId=metersphere_group_id] Request joining group due to: consumer pro-actively leaving the group
2022-03-02 11:47:50,967 [ms-api-exec-consume-0-C-1] INFO  o.a.k.c.c.i.ConsumerCoordinator ? - [Consumer clientId=consumer-metersphere_group_id-1, groupId=metersphere_group_id] Request joining group due to: consumer pro-actively leaving the group
2022-03-02 11:47:50,967 [load-test-data-0-C-1] INFO  o.a.kafka.common.metrics.Metrics ? - Metrics scheduler closed
2022-03-02 11:47:50,967 [ms-api-exec-consume-0-C-1] INFO  o.a.kafka.common.metrics.Metrics 659 - Metrics scheduler closed
2022-03-02 11:47:50,967 [load-test-data-0-C-1] INFO  o.a.kafka.common.metrics.Metrics ? - Closing reporter org.apache.kafka.common.metrics.JmxReporter
2022-03-02 11:47:50,967 [ms-api-exec-consume-0-C-1] INFO  o.a.kafka.common.metrics.Metrics 663 - Closing reporter org.apache.kafka.common.metrics.JmxReporter
2022-03-02 11:47:50,967 [load-test-data-0-C-1] INFO  o.a.kafka.common.metrics.Metrics 669 - Metrics reporters closed
2022-03-02 11:47:50,967 [ms-api-exec-consume-0-C-1] INFO  o.a.kafka.common.metrics.Metrics 669 - Metrics reporters closed
2022-03-02 11:47:50,969 [load-test-data-0-C-1] INFO  o.a.kafka.common.utils.AppInfoParser ? - App info kafka.consumer for consumer-metersphere_group_id-2 unregistered
2022-03-02 11:47:50,969 [ms-api-exec-consume-0-C-1] INFO  o.a.kafka.common.utils.AppInfoParser 83 - App info kafka.consumer for consumer-metersphere_group_id-1 unregistered
2022-03-02 11:47:50,970 [ms-api-exec-consume-0-C-1] INFO  o.s.k.l.KafkaMessageListenerContainer 292 - metersphere_group_id: Consumer stopped
2022-03-02 11:47:50,970 [load-test-data-0-C-1] INFO  o.s.k.l.KafkaMessageListenerContainer 292 - metersphere_group_id: Consumer stopped
